MPASM  5.43                          LAB2.ASM   2-12-2018  12:51:17         PAGE  1


LOC  OBJECT CODE     LINE SOURCE TEXT
  VALUE

                      00001 ;---------------------------------------------
                      00002 ; Lab 2.
                      00003 ; 
                      00004 ; Authors:
                      00005 ;       Grant Oberhauser
                      00006 ;       Grant Sanderson
                      00007 ;---------------------------------------------
                      00008 
                      00009         INCLUDE "P16F877A.inc"
                      00001         LIST
                      00002 
                      00003 ;==========================================================================
                      00004 ;  MPASM PIC16F877A processor include
                      00005 ; 
                      00006 ;  (c) Copyright 1999-2011 Microchip Technology, All rights reserved
                      00007 ;==========================================================================
                      00008 
                      00564         LIST
                      00010         LIST P=16F877A, R=DEC
                      00011         
                      00012         ; XT (slow) Oscillator, Watchdog disabled, other config bits off
2007   3F39           00013         __CONFIG _XT_OSC & _WDT_OFF & _CP_OFF & _BOREN_OFF & _LVP_OFF & _CPD_OFF
                      00014 
                      00015 ;-------------------------------
                      00016 ; Constants
                      00017 ;-------------------------------
                      00018 
  00000004            00019 MODE_PIN        EQU     4
  00000001            00020 INNER_DELAY_AMOUNT  EQU 1
  00000001            00021 INNER_DELAY EQU 1
                      00022 
                      00023 
                      00024 ;-------------------------------
                      00025 ; Variables
                      00026 ;-------------------------------
                      00027 
  00000008            00028 MAX_STRING      EQU     8               
                      00029 ;STRING db 0,1,2,3,4,5,6
                      00030 
                      00031 
                      00032 ;Declare the string here.
                      00033         
                      00034         
                      00035         
                      00036            
                      00037         ; Set the I/O directions for port pins
                      00038         ; will get "messages" to "ensure bank bits okay"
0000   0186           00039         CLRF    PORTB                 ; 
0001   0187           00040         CLRF    PORTC                 ; 
0002   0188           00041         CLRF    PORTD    
0003   1303           00042         BCF     STATUS, RP1            
0004   1683           00043         BSF     STATUS, RP0           ; Switch bank to bank 1
Message[302]: Register in operand not in bank 0.  Ensure that bank bits are correct.
MPASM  5.43                          LAB2.ASM   2-12-2018  12:51:17         PAGE  2


LOC  OBJECT CODE     LINE SOURCE TEXT
  VALUE

0005   1381           00044         BCF     OPTION_REG, NOT_RBPU  ; weak pull-ups on Port B
0006   303F           00045         MOVLW   B'00111111'           ; 1=input, 0=output
Message[302]: Register in operand not in bank 0.  Ensure that bank bits are correct.
0007   0086           00046         MOVWF   TRISB                 ; Set all PORB directions
0008   3010           00047         MOVLW   B'00010000'           ; 1=input, 0=output
Message[302]: Register in operand not in bank 0.  Ensure that bank bits are correct.
0009   0087           00048         MOVWF   TRISC                 ; Set all PORC directions
000A   3000           00049         MOVLW   B'00000000'           ; 1=input, 0=output
Message[302]: Register in operand not in bank 0.  Ensure that bank bits are correct.
000B   0088           00050         MOVWF   TRISD                 ; Set all PORD directions
                      00051         
000C   1283           00052         BCF     STATUS, RP0           ; switch back to bank 0
                      00053         
                      00054         ;Delay for one second after startup.
000D   2032           00055         CALL    DELAY_SEC
                      00056 
000E                  00057 MAIN_LOOP:
                      00058         
                      00059         
000E   1E08           00060         BTFSS   PORTD, MODE_PIN ;First, move port D to W to check our mode.
000F   2810           00061         GOTO MA_MODE
                      00062 
0010                  00063 DISPLAY_MODE:
                      00064 
                      00065         ;GetBitPattern 
                      00066 
                      00067 
                      00068 
0010                  00069 MA_MODE:
                      00070 
                      00071 
                      00072 
                      00073 
0010   280E           00074         GOTO MAIN_LOOP
                      00075 
                      00076 ; Returns bit pattern for given number
0011                  00077 GETBITPATTERN:
0011   0782           00078         ADDWF    PCL, F         ; jump to correct position
0012   3408           00079         RETLW    B'00001000'    ;  0 = space  (looks like underscore)
0013   3477           00080         RETLW    B'01110111'    ;  1 = A
0014   341F           00081         RETLW    B'00011111'    ;  2 = b
0015   344D           00082         RETLW    B'01001101'    ;  3 = C
0016   343E           00083         RETLW    B'00111110'    ;  4 = d 
0017   344F           00084         RETLW    B'01001111'    ;  5 = E
0018   3447           00085         RETLW    B'01000111'    ;  6 = F
0019   3402           00086         RETLW    B'00000010'    ;  7 = G = unimplemented  (looks like dash)
001A   3402           00087         RETLW    B'00000010'    ;  8 = H = unimplemented
001B   3402           00088         RETLW    B'00000010'    ;  9 = I = unimplemented
001C   3402           00089         RETLW    B'00000010'    ; 10 = J = unimplemented
001D   3402           00090         RETLW    B'00000010'    ; 11 = K = unimplemented
001E   3402           00091         RETLW    B'00000010'    ; 12 = L = unimplemented
001F   3402           00092         RETLW    B'00000010'    ; 13 = M = unimplemented
0020   3402           00093         RETLW    B'00000010'    ; 14 = N = unimplemented
MPASM  5.43                          LAB2.ASM   2-12-2018  12:51:17         PAGE  3


LOC  OBJECT CODE     LINE SOURCE TEXT
  VALUE

0021   3402           00094         RETLW    B'00000010'    ; 15 = O = unimplemented
0022   3402           00095         RETLW    B'00000010'    ; 16 = P = unimplemented
0023   3402           00096         RETLW    B'00000010'    ; 17 = Q = unimplemented
0024   3402           00097         RETLW    B'00000010'    ; 18 = R = unimplemented
0025   3402           00098         RETLW    B'00000010'    ; 19 = S = unimplemented
0026   3402           00099         RETLW    B'00000010'    ; 20 = T = unimplemented
0027   3402           00100         RETLW    B'00000010'    ; 21 = U = unimplemented
0028   3402           00101         RETLW    B'00000010'    ; 22 = V = unimplemented
0029   3402           00102         RETLW    B'00000010'    ; 23 = W = unimplemented
002A   3402           00103         RETLW    B'00000010'    ; 24 = X = unimplemented
002B   3402           00104         RETLW    B'00000010'    ; 25 = Y = unimplemented
002C   3402           00105         RETLW    B'00000010'    ; 26 = Z = unimplemented
002D   3402           00106         RETLW    B'00000010'    ; 27 = unimplemented
002E   3402           00107         RETLW    B'00000010'    ; 28 = unimplemented
002F   3402           00108         RETLW    B'00000010'    ; 29 = unimplemented
0030   3402           00109         RETLW    B'00000010'    ; 30 = unimplemented
0031   3402           00110         RETLW    B'00000010'    ; 31 = unimplemented
                      00111 
0032                  00112 DELAY_SEC:
0032   3001           00113         MOVLW  INNER_DELAY_AMOUNT
0033   0081           00114         MOVWF  INNER_DELAY
0034                  00115 INNERLOOP: 
0034   0000           00116         NOP
                      00117            ; Have from 0 to N nops
0035   0000           00118         NOP 
0036   0B81           00119         DECFSZ INNER_DELAY, F
0037   2834           00120         GOTO   INNERLOOP
                      00121 
0038   0008           00122     RETURN
                      00123 
Warning[205]: Found directive in column 1. (END)
                      00124 END
MPASM  5.43                          LAB2.ASM   2-12-2018  12:51:17         PAGE  4


SYMBOL TABLE
  LABEL                             VALUE 

ACKDT                             00000005
ACKEN                             00000004
ACKSTAT                           00000006
ADCON0                            0000001F
ADCON1                            0000009F
ADCS0                             00000006
ADCS1                             00000007
ADCS2                             00000006
ADDEN                             00000003
ADFM                              00000007
ADIE                              00000006
ADIF                              00000006
ADON                              00000000
ADRESH                            0000001E
ADRESL                            0000009E
BCLIE                             00000003
BCLIF                             00000003
BF                                00000000
BRGH                              00000002
C                                 00000000
C1INV                             00000004
C1OUT                             00000006
C2INV                             00000005
C2OUT                             00000007
CCP1CON                           00000017
CCP1IE                            00000002
CCP1IF                            00000002
CCP1M0                            00000000
CCP1M1                            00000001
CCP1M2                            00000002
CCP1M3                            00000003
CCP1X                             00000005
CCP1Y                             00000004
CCP2CON                           0000001D
CCP2IE                            00000000
CCP2IF                            00000000
CCP2M0                            00000000
CCP2M1                            00000001
CCP2M2                            00000002
CCP2M3                            00000003
CCP2X                             00000005
CCP2Y                             00000004
CCPR1                             00000015
CCPR1H                            00000016
CCPR1L                            00000015
CCPR2                             0000001B
CCPR2H                            0000001C
CCPR2L                            0000001B
CHS0                              00000003
CHS1                              00000004
CHS2                              00000005
CIS                               00000003
CKE                               00000006
MPASM  5.43                          LAB2.ASM   2-12-2018  12:51:17         PAGE  5


SYMBOL TABLE
  LABEL                             VALUE 

CKP                               00000004
CM0                               00000000
CM1                               00000001
CM2                               00000002
CMCON                             0000009C
CMIE                              00000006
CMIF                              00000006
CREN                              00000004
CSRC                              00000007
CVR0                              00000000
CVR1                              00000001
CVR2                              00000002
CVR3                              00000003
CVRCON                            0000009D
CVREN                             00000007
CVROE                             00000006
CVRR                              00000005
D                                 00000005
DATA_ADDRESS                      00000005
DC                                00000001
DELAY_SEC                         00000032
DISPLAY_MODE                      00000010
D_A                               00000005
D_NOT_A                           00000005
EEADR                             0000010D
EEADRH                            0000010F
EECON1                            0000018C
EECON2                            0000018D
EEDATA                            0000010C
EEDATH                            0000010E
EEIE                              00000004
EEIF                              00000004
EEPGD                             00000007
F                                 00000001
FERR                              00000002
FSR                               00000004
GCEN                              00000007
GETBITPATTERN                     00000011
GIE                               00000007
GO                                00000002
GO_DONE                           00000002
GO_NOT_DONE                       00000002
I2C_DATA                          00000005
I2C_READ                          00000002
I2C_START                         00000003
I2C_STOP                          00000004
IBF                               00000007
IBOV                              00000005
INDF                              00000000
INNERLOOP                         00000034
INNER_DELAY                       00000001
INNER_DELAY_AMOUNT                00000001
INTCON                            0000000B
MPASM  5.43                          LAB2.ASM   2-12-2018  12:51:17         PAGE  6


SYMBOL TABLE
  LABEL                             VALUE 

INTE                              00000004
INTEDG                            00000006
INTF                              00000001
IRP                               00000007
MAIN_LOOP                         0000000E
MAX_STRING                        00000008
MA_MODE                           00000010
MODE_PIN                          00000004
NOT_A                             00000005
NOT_ADDRESS                       00000005
NOT_BO                            00000000
NOT_BOR                           00000000
NOT_DONE                          00000002
NOT_PD                            00000003
NOT_POR                           00000001
NOT_RBPU                          00000007
NOT_RC8                           00000006
NOT_T1SYNC                        00000002
NOT_TO                            00000004
NOT_TX8                           00000006
NOT_W                             00000002
NOT_WRITE                         00000002
OBF                               00000006
OERR                              00000001
OPTION_REG                        00000081
P                                 00000004
PCFG0                             00000000
PCFG1                             00000001
PCFG2                             00000002
PCFG3                             00000003
PCL                               00000002
PCLATH                            0000000A
PCON                              0000008E
PEIE                              00000006
PEN                               00000002
PIE1                              0000008C
PIE2                              0000008D
PIR1                              0000000C
PIR2                              0000000D
PORTA                             00000005
PORTB                             00000006
PORTC                             00000007
PORTD                             00000008
PORTE                             00000009
PR2                               00000092
PS0                               00000000
PS1                               00000001
PS2                               00000002
PSA                               00000003
PSPIE                             00000007
PSPIF                             00000007
PSPMODE                           00000004
R                                 00000002
MPASM  5.43                          LAB2.ASM   2-12-2018  12:51:17         PAGE  7


SYMBOL TABLE
  LABEL                             VALUE 

RA0                               00000000
RA1                               00000001
RA2                               00000002
RA3                               00000003
RA4                               00000004
RA5                               00000005
RB0                               00000000
RB1                               00000001
RB2                               00000002
RB3                               00000003
RB4                               00000004
RB5                               00000005
RB6                               00000006
RB7                               00000007
RBIE                              00000003
RBIF                              00000000
RC0                               00000000
RC1                               00000001
RC2                               00000002
RC3                               00000003
RC4                               00000004
RC5                               00000005
RC6                               00000006
RC7                               00000007
RC8_9                             00000006
RC9                               00000006
RCD8                              00000000
RCEN                              00000003
RCIE                              00000005
RCIF                              00000005
RCREG                             0000001A
RCSTA                             00000018
RD                                00000000
RD0                               00000000
RD1                               00000001
RD2                               00000002
RD3                               00000003
RD4                               00000004
RD5                               00000005
RD6                               00000006
RD7                               00000007
RE0                               00000000
RE1                               00000001
RE2                               00000002
READ_WRITE                        00000002
RP0                               00000005
RP1                               00000006
RSEN                              00000001
RX9                               00000006
RX9D                              00000000
R_NOT_W                           00000002
R_W                               00000002
S                                 00000003
MPASM  5.43                          LAB2.ASM   2-12-2018  12:51:17         PAGE  8


SYMBOL TABLE
  LABEL                             VALUE 

SEN                               00000000
SMP                               00000007
SPBRG                             00000099
SPEN                              00000007
SREN                              00000005
SSPADD                            00000093
SSPBUF                            00000013
SSPCON                            00000014
SSPCON2                           00000091
SSPEN                             00000005
SSPIE                             00000003
SSPIF                             00000003
SSPM0                             00000000
SSPM1                             00000001
SSPM2                             00000002
SSPM3                             00000003
SSPOV                             00000006
SSPSTAT                           00000094
STATUS                            00000003
SYNC                              00000004
T0CS                              00000005
T0IE                              00000005
T0IF                              00000002
T0SE                              00000004
T1CKPS0                           00000004
T1CKPS1                           00000005
T1CON                             00000010
T1INSYNC                          00000002
T1OSCEN                           00000003
T1SYNC                            00000002
T2CKPS0                           00000000
T2CKPS1                           00000001
T2CON                             00000012
TMR0                              00000001
TMR0IE                            00000005
TMR0IF                            00000002
TMR1CS                            00000001
TMR1H                             0000000F
TMR1IE                            00000000
TMR1IF                            00000000
TMR1L                             0000000E
TMR1ON                            00000000
TMR2                              00000011
TMR2IE                            00000001
TMR2IF                            00000001
TMR2ON                            00000002
TOUTPS0                           00000003
TOUTPS1                           00000004
TOUTPS2                           00000005
TOUTPS3                           00000006
TRISA                             00000085
TRISA0                            00000000
TRISA1                            00000001
MPASM  5.43                          LAB2.ASM   2-12-2018  12:51:17         PAGE  9


SYMBOL TABLE
  LABEL                             VALUE 

TRISA2                            00000002
TRISA3                            00000003
TRISA4                            00000004
TRISA5                            00000005
TRISB                             00000086
TRISB0                            00000000
TRISB1                            00000001
TRISB2                            00000002
TRISB3                            00000003
TRISB4                            00000004
TRISB5                            00000005
TRISB6                            00000006
TRISB7                            00000007
TRISC                             00000087
TRISC0                            00000000
TRISC1                            00000001
TRISC2                            00000002
TRISC3                            00000003
TRISC4                            00000004
TRISC5                            00000005
TRISC6                            00000006
TRISC7                            00000007
TRISD                             00000088
TRISD0                            00000000
TRISD1                            00000001
TRISD2                            00000002
TRISD3                            00000003
TRISD4                            00000004
TRISD5                            00000005
TRISD6                            00000006
TRISD7                            00000007
TRISE                             00000089
TRISE0                            00000000
TRISE1                            00000001
TRISE2                            00000002
TRMT                              00000001
TX8_9                             00000006
TX9                               00000006
TX9D                              00000000
TXD8                              00000000
TXEN                              00000005
TXIE                              00000004
TXIF                              00000004
TXREG                             00000019
TXSTA                             00000098
UA                                00000001
W                                 00000000
WCOL                              00000007
WR                                00000001
WREN                              00000002
WRERR                             00000003
Z                                 00000002
_BODEN_OFF                        00003FBF
MPASM  5.43                          LAB2.ASM   2-12-2018  12:51:17         PAGE 10


SYMBOL TABLE
  LABEL                             VALUE 

_BODEN_ON                         00003FFF
_BOREN_OFF                        00003FBF
_BOREN_ON                         00003FFF
_CONFIG                           00002007
_CPD_OFF                          00003FFF
_CPD_ON                           00003EFF
_CP_ALL                           00001FFF
_CP_OFF                           00003FFF
_CP_ON                            00001FFF
_DEBUG_OFF                        00003FFF
_DEBUG_ON                         000037FF
_DEVID1                           00002006
_FOSC_EXTRC                       00003FFF
_FOSC_HS                          00003FFE
_FOSC_LP                          00003FFC
_FOSC_XT                          00003FFD
_HS_OSC                           00003FFE
_IDLOC0                           00002000
_IDLOC1                           00002001
_IDLOC2                           00002002
_IDLOC3                           00002003
_LP_OSC                           00003FFC
_LVP_OFF                          00003F7F
_LVP_ON                           00003FFF
_PWRTE_OFF                        00003FFF
_PWRTE_ON                         00003FF7
_RC_OSC                           00003FFF
_WDTE_OFF                         00003FFB
_WDTE_ON                          00003FFF
_WDT_OFF                          00003FFB
_WDT_ON                           00003FFF
_WRT_1FOURTH                      00003BFF
_WRT_256                          00003DFF
_WRT_HALF                         000039FF
_WRT_OFF                          00003FFF
_XT_OSC                           00003FFD
__16F877A                         00000001
__DEBUG                           1


MEMORY USAGE MAP ('X' = Used,  '-' = Unused)

0000 : XXXXXXXXXXXXXXXX XXXXXXXXXXXXXXXX XXXXXXXXXXXXXXXX XXXXXXXXX-------
2000 : -------X-------- ---------------- ---------------- ----------------

All other memory blocks unused.

Program Memory Words Used:    57
Program Memory Words Free:  8135


MPASM  5.43                          LAB2.ASM   2-12-2018  12:51:17         PAGE 11





Errors   :     0
Warnings :     1 reported,     0 suppressed
Messages :     4 reported,     0 suppressed

