MPASM  5.43                          LAB3.ASM   2-28-2018  12:53:01         PAGE  1


LOC  OBJECT CODE     LINE SOURCE TEXT
  VALUE

                      00001 ;---------------------------------------------
                      00002 ; Lab 3. Sets up two types of interrupts and counts the occurance of each.
                      00003 ; Also displays the number of occurances on PortC and PortD 
                      00004 ;
                      00005 ; Authors:
                      00006 ;    Grant Oberhauser
                      00007 ;    Grant Sanderson
                      00008 ;---------------------------------------------
                      00009 
                      00010     INCLUDE "P16F877A.inc"
                      00001         LIST
                      00002 
                      00003 ;==========================================================================
                      00004 ;  MPASM PIC16F877A processor include
                      00005 ; 
                      00006 ;  (c) Copyright 1999-2011 Microchip Technology, All rights reserved
                      00007 ;==========================================================================
                      00008 
                      00564         LIST
                      00011     LIST P=16F877A, R=DEC
                      00012     
                      00013 
                      00014         ; XT (slow) Oscillator, Watchdog enabled, other config bits off
2007   3F3D           00015         __CONFIG _XT_OSC & _WDT_ON & _CP_OFF & _BOREN_OFF & _LVP_OFF & _CPD_OFF
                      00016 
                      00017 
                      00018 ;-------------------------------
                      00019 ; Constants
                      00020 ;-------------------------------
                      00021 
  000000F2            00022 INNER  EQU 242
  00000005            00023 OUTER  EQU 5 
                      00024 
                      00025 
                      00026 ;-------------------------------
                      00027 ; Variables
                      00028 ;-------------------------------
  00000020            00029 INCOUNT         EQU 32          ;The variable for the inner count of the delay loop
  00000021            00030 OUTCOUNT    EQU 33              ;The variable for the outer count of the delay loop
  00000022            00031 VAR                     EQU     34              ;A variable for temporary storage.
                      00032 
                      00033                                                 ;The following variables are stored in the common area
                      00034                                                 ;so they can be accessed from interrupts easily.
                      00035 
  00000070            00036 TMRCOUNT        EQU     0X70    ;The number of times the TMR interrupt was triggered.
  00000071            00037 RB0COUNT        EQU     0X71    ;The number of times the RB0 interrupt was triggered.
  00000072            00038 W_SAVE          EQU     0X72    ;The variable W will be saved to in interrupts.
  00000073            00039 STAT_SAVE       EQU     0X73    ;The variable the status register will be saved to in interrupts.
                      00040 
                      00041 
                      00042 
Warning[203]: Found opcode in column 1. (GOTO)
0000   2819           00043 GOTO    MAIN                    ;At the start of the program, jump to main.
MPASM  5.43                          LAB3.ASM   2-28-2018  12:53:01         PAGE  2


LOC  OBJECT CODE     LINE SOURCE TEXT
  VALUE

                      00044 
Warning[205]: Found directive in column 1. (ORG)
0004                  00045 ORG     4                                       ;Start interrupt here.
0004   00F2           00046         MOVWF   W_SAVE          ;In the interrupt save W and Status
0005   0803           00047         MOVF    STATUS, W
0006   00F3           00048         MOVWF   STAT_SAVE
                      00049 
0007   190B           00050         BTFSC   INTCON, TMR0IF  ; Is this a TMR0 interrupt?
0008   280C           00051         GOTO    TMR0_INT                ; It is, go to TMR0_INT to handle.
0009   188B           00052         BTFSC   INTCON, INTF    ; Is this an RB0 interrupt?
000A   2811           00053         GOTO    INTF_INT                ; It is, go to INTF_INT to handle.
000B   2814           00054         GOTO    END_HANDLE              ; It is neither of these interrupts. Clean up interrupts.
                      00055 
                      00056 
000C                  00057 TMR0_INT:
000C   110B           00058         BCF             INTCON, TMR0IF  ; Clear the TMR0IF flag to leave interrupt.
                      00059 
000D   0AF0           00060         INCF    TMRCOUNT, F             ; Increment the tmr count
                      00061 
000E   30FF           00062         MOVLW   0XFF                    ; Initialize TMR0 to 0xFF
000F   0081           00063         MOVWF   TMR0
0010   2814           00064         GOTO    END_HANDLE
                      00065         
0011                  00066 INTF_INT:
0011   108B           00067         BCF             INTCON, INTF    ; Clear the INTF flag to leave the interrupt.
                      00068 
0012   0AF1           00069         INCF    RB0COUNT, F             ; Increment the rb0Count
                      00070                 
0013   2814           00071         GOTO    END_HANDLE              
                      00072 
0014                  00073 END_HANDLE:
0014   0873           00074         MOVF    STAT_SAVE, W    ; Move the W and status back. 
0015   0083           00075         MOVWF   STATUS
0016   0EF2           00076         SWAPF   W_SAVE, F
0017   0E72           00077         SWAPF   W_SAVE, W
                      00078 
0018   0009           00079         RETFIE                                  ; Return from interrupt.
                      00080 
                      00081 
                      00082 
0019                  00083 MAIN:
                      00084 
                      00085 
0019   206F           00086         CALL    DELAY                   ; Calling Delay 5 times before starting program.
001A   206F           00087         CALL    DELAY
001B   206F           00088         CALL    DELAY
001C   206F           00089         CALL    DELAY
001D   206F           00090         CALL    DELAY
001E   0064           00091         CLRWDT
                      00092 
                      00093     ; Set the I/O directions for port pins
                      00094     ; will get "messages" to "ensure bank bits okay"
001F   0186           00095     CLRF    PORTB                 ; 
MPASM  5.43                          LAB3.ASM   2-28-2018  12:53:01         PAGE  3


LOC  OBJECT CODE     LINE SOURCE TEXT
  VALUE

0020   0187           00096     CLRF    PORTC                 ; 
0021   0188           00097     CLRF    PORTD    
0022   01A2           00098         CLRF    VAR
0023   1303           00099     BCF     STATUS, RP1            
0024   1683           00100     BSF     STATUS, RP0           ; Switch bank to bank 1
Message[302]: Register in operand not in bank 0.  Ensure that bank bits are correct.
0025   1381           00101     BCF     OPTION_REG, NOT_RBPU  ; weak pull-ups on Port B
                      00102     
0026   3010           00103         MOVLW   B'00010000'           ; 1=input, 0=output
Message[302]: Register in operand not in bank 0.  Ensure that bank bits are correct.
0027   0085           00104     MOVWF   TRISA                 ; Set all PORB directions
0028   3007           00105     MOVLW   B'00000111'           ; 1=input, 0=output
Message[302]: Register in operand not in bank 0.  Ensure that bank bits are correct.
0029   0086           00106     MOVWF   TRISB                 ; Set all PORB directions
002A   300F           00107     MOVLW   B'00001111'           ; 1=input, 0=output
Message[302]: Register in operand not in bank 0.  Ensure that bank bits are correct.
002B   0087           00108     MOVWF   TRISC                 ; Set all PORC directions
002C   300F           00109     MOVLW   B'00001111'           ; 1=input, 0=output
Message[302]: Register in operand not in bank 0.  Ensure that bank bits are correct.
002D   0088           00110     MOVWF   TRISD                 ; Set all PORD directions
                      00111     
Message[302]: Register in operand not in bank 0.  Ensure that bank bits are correct.
002E   1581           00112         BSF             OPTION_REG,PSA            ; Set prescaler to Watchdog/Not TMR0
                      00113         
Message[302]: Register in operand not in bank 0.  Ensure that bank bits are correct.
002F   1681           00114         BSF             OPTION_REG,T0CS           ; Set TMR0 clock source to RA4
                      00115         
Message[302]: Register in operand not in bank 0.  Ensure that bank bits are correct.
0030   1601           00116         BSF             OPTION_REG,T0SE           ; Set TMR0 to increment on high-to-low
                      00117 
Message[302]: Register in operand not in bank 0.  Ensure that bank bits are correct.
0031   1301           00118         BCF             OPTION_REG,INTEDG         ; Set Interrupt Edge RB0/INT to falling edge.
                      00119 
0032   168B           00120         BSF             INTCON, TMR0IE            ; Enable TMR0 Overflow Interrupt
                      00121 
0033   160B           00122         BSF             INTCON, INTE              ; RB0 /INT External Interrupt
                      00123 
0034   178B           00124         BSF             INTCON, GIE                       ; Globally enable interrupts
                      00125 
Message[302]: Register in operand not in bank 0.  Ensure that bank bits are correct.
0035   1001           00126         BCF             OPTION_REG, PS0           ; Clear PS2:PS0 for WDT to be 1:1
Message[302]: Register in operand not in bank 0.  Ensure that bank bits are correct.
0036   1081           00127         BCF             OPTION_REG, PS1
Message[302]: Register in operand not in bank 0.  Ensure that bank bits are correct.
0037   1101           00128         BCF             OPTION_REG, PS2
                      00129 
0038   1283           00130         BCF     STATUS, RP0           ; switch back to  bank 0
                      00131     
0039   30FF           00132         MOVLW   0XFF                              ; Initialize TMR0 to 0xFF
003A   0081           00133         MOVWF   TMR0
                      00134 
                      00135         ;Initialize tmrCount and rb0Count
003B   01F0           00136         CLRF    TMRCOUNT
MPASM  5.43                          LAB3.ASM   2-28-2018  12:53:01         PAGE  4


LOC  OBJECT CODE     LINE SOURCE TEXT
  VALUE

003C   01F1           00137         CLRF    RB0COUNT
                      00138 
                      00139 
003D                  00140 MAIN_LOOP:
                      00141 
003D   0064           00142         CLRWDT                                                  ; Clear the watchdog timer at the top of
                             the loop.
                      00143 
003E   1886           00144         BTFSC   PORTB, 1                                ; 
003F   2858           00145         GOTO    RB1_1
0040                  00146 RB1_0:
0040   1906           00147         BTFSC   PORTB, 2
0041   284D           00148         GOTO    RB1_0_RB2_1
0042                  00149 RB1_0_RB2_0:                                    ; Do this if RB1 = 0 and RB2 = 0
0042   0871           00150         MOVF    RB0COUNT,W                      ; Take rb0Count and move to W.
0043   00A2           00151         MOVWF   VAR
0044   0E22           00152         SWAPF   VAR, W                          ; Swap upper and lower bits and mask the upper bits.
0045   39F0           00153         ANDLW   0XF0
0046   0087           00154         MOVWF   PORTC                           ; Move into PORTC
0047   0870           00155         MOVF    TMRCOUNT,W                      ; Take tmrCount and move to W.
0048   00A2           00156         MOVWF   VAR                                     ; Swap the upper and lower bits.
0049   0E22           00157         SWAPF   VAR, W
004A   39F0           00158         ANDLW   0XF0                            ; Mask the upper bits
004B   0088           00159         MOVWF   PORTD                           ; Move to PORTD
                      00160                 
004C   286D           00161         GOTO END_DELAY
004D                  00162 RB1_0_RB2_1:                                    ; Do this if RB1 = 0 and RB2 = 1
004D   0870           00163         MOVF    TMRCOUNT,W                      ; Take tmrCount and move to W.
004E   00A2           00164         MOVWF   VAR                                     
004F   0E22           00165         SWAPF   VAR, W              ; Swap upper and lower bits and mask the upper bits.
0050   39F0           00166         ANDLW   0XF0                
0051   0087           00167         MOVWF   PORTC               ; Move into PORTC
0052   0871           00168         MOVF    RB0COUNT,W          ; Take rb0Count and move to W.
0053   00A2           00169         MOVWF   VAR                 ; Swap the upper and lower bits.
0054   0E22           00170         SWAPF   VAR, W              
0055   39F0           00171         ANDLW   0XF0                ; Mask the upper bits
0056   0088           00172         MOVWF   PORTD               ; Move to PORTD
0057   286D           00173         GOTO END_DELAY
0058                  00174 RB1_1:
0058   1906           00175         BTFSC   PORTB, 2
0059   2863           00176         GOTO    RB1_1_RB2_1
005A                  00177 RB1_1_RB2_0:                                    ; Do this if RB1 = 1 and RB2 = 0
005A   0870           00178         MOVF    TMRCOUNT,W                      ; Take tmrCount and move to W.
005B   00A2           00179         MOVWF   VAR                 
005C   0E22           00180         SWAPF   VAR, W              ; Swap upper and lower bits and mask the upper bits.
005D   39F0           00181         ANDLW   0XF0                
005E   0087           00182         MOVWF   PORTC               ; Move into PORTC
005F   0870           00183         MOVF    TMRCOUNT,W          ; Take tmrCount and move to W.
0060   39F0           00184         ANDLW   0XF0                ; Mask the upper bits.
0061   0088           00185         MOVWF   PORTD               ; Move to PORTD
0062   286D           00186         GOTO END_DELAY              
0063                  00187 RB1_1_RB2_1:                                    ; Do this if RB1 = 1 and RB2 = 1
0063   0871           00188         MOVF    RB0COUNT,W                      ; Take rb0Count and move to W.
MPASM  5.43                          LAB3.ASM   2-28-2018  12:53:01         PAGE  5


LOC  OBJECT CODE     LINE SOURCE TEXT
  VALUE

0064   00A2           00189         MOVWF   VAR                 
0065   0E22           00190         SWAPF   VAR, W              ; Swap upper and lower bits and mask the upper bits.
0066   39F0           00191         ANDLW   0XF0                
0067   0087           00192         MOVWF   PORTC               ; Move into PORTC
0068   0871           00193         MOVF    RB0COUNT,W          ; Take rb0Count and move to W.
0069   00A2           00194         MOVWF   VAR                 
006A   39F0           00195         ANDLW   0XF0                ; Mask the upper bits.
006B   0088           00196         MOVWF   PORTD                           ; Move to PortD
006C   286D           00197         GOTO END_DELAY
                      00198 
                      00199 
006D                  00200 END_DELAY:
                      00201 
006D   206F           00202         CALL    DELAY                           ; At the end of the loop, delay.
006E   283D           00203         GOTO    MAIN_LOOP                       ; Do the loop again.
                      00204 
006F                  00205 DELAY:
                      00206 
                      00207         ; Delay is : VERY_DELAY * (2 + (2 + INNER_DELAY * 5 + 4) * OUTER_DELAY + 4) cycles
                      00208 
                      00209         ; Values are: VERY_DELAY = 4
                      00210         ;                         OUTER_DELAY = 200
                      00211         ;             INNER_DELAY = 249                           
                      00212 
                      00213         ; This gives us 1,002,000 cycles. One second is 1,000,000 cycles at 4 MHz
006F   3005           00214         MOVLW   OUTER
0070   00A1           00215         MOVWF   OUTCOUNT
0071                  00216 OUTER_LOOP:
0071   30F2           00217         MOVLW   INNER
0072   00A0           00218         MOVWF   INCOUNT
0073                  00219 INNER_LOOP:
0073   0000           00220         NOP
0074   0000           00221         NOP
0075   0000           00222         NOP
0076   0000           00223         NOP
0077   0BA0           00224         DECFSZ  INCOUNT, F
0078   2873           00225         GOTO    INNER_LOOP
                      00226 
0079   0BA1           00227         DECFSZ  OUTCOUNT, F
007A   2871           00228         GOTO    OUTER_LOOP
                      00229 
007B   0000           00230         NOP
007C   0000           00231         NOP
007D   0000           00232         NOP
007E   0000           00233         NOP
007F   0000           00234         NOP
0080   0008           00235   RETURN
                      00236 
Warning[205]: Found directive in column 1. (END)
                      00237 END
MPASM  5.43                          LAB3.ASM   2-28-2018  12:53:01         PAGE  6


SYMBOL TABLE
  LABEL                             VALUE 

ACKDT                             00000005
ACKEN                             00000004
ACKSTAT                           00000006
ADCON0                            0000001F
ADCON1                            0000009F
ADCS0                             00000006
ADCS1                             00000007
ADCS2                             00000006
ADDEN                             00000003
ADFM                              00000007
ADIE                              00000006
ADIF                              00000006
ADON                              00000000
ADRESH                            0000001E
ADRESL                            0000009E
BCLIE                             00000003
BCLIF                             00000003
BF                                00000000
BRGH                              00000002
C                                 00000000
C1INV                             00000004
C1OUT                             00000006
C2INV                             00000005
C2OUT                             00000007
CCP1CON                           00000017
CCP1IE                            00000002
CCP1IF                            00000002
CCP1M0                            00000000
CCP1M1                            00000001
CCP1M2                            00000002
CCP1M3                            00000003
CCP1X                             00000005
CCP1Y                             00000004
CCP2CON                           0000001D
CCP2IE                            00000000
CCP2IF                            00000000
CCP2M0                            00000000
CCP2M1                            00000001
CCP2M2                            00000002
CCP2M3                            00000003
CCP2X                             00000005
CCP2Y                             00000004
CCPR1                             00000015
CCPR1H                            00000016
CCPR1L                            00000015
CCPR2                             0000001B
CCPR2H                            0000001C
CCPR2L                            0000001B
CHS0                              00000003
CHS1                              00000004
CHS2                              00000005
CIS                               00000003
CKE                               00000006
MPASM  5.43                          LAB3.ASM   2-28-2018  12:53:01         PAGE  7


SYMBOL TABLE
  LABEL                             VALUE 

CKP                               00000004
CM0                               00000000
CM1                               00000001
CM2                               00000002
CMCON                             0000009C
CMIE                              00000006
CMIF                              00000006
CREN                              00000004
CSRC                              00000007
CVR0                              00000000
CVR1                              00000001
CVR2                              00000002
CVR3                              00000003
CVRCON                            0000009D
CVREN                             00000007
CVROE                             00000006
CVRR                              00000005
D                                 00000005
DATA_ADDRESS                      00000005
DC                                00000001
DELAY                             0000006F
D_A                               00000005
D_NOT_A                           00000005
EEADR                             0000010D
EEADRH                            0000010F
EECON1                            0000018C
EECON2                            0000018D
EEDATA                            0000010C
EEDATH                            0000010E
EEIE                              00000004
EEIF                              00000004
EEPGD                             00000007
END_DELAY                         0000006D
END_HANDLE                        00000014
F                                 00000001
FERR                              00000002
FSR                               00000004
GCEN                              00000007
GIE                               00000007
GO                                00000002
GO_DONE                           00000002
GO_NOT_DONE                       00000002
I2C_DATA                          00000005
I2C_READ                          00000002
I2C_START                         00000003
I2C_STOP                          00000004
IBF                               00000007
IBOV                              00000005
INCOUNT                           00000020
INDF                              00000000
INNER                             000000F2
INNER_LOOP                        00000073
INTCON                            0000000B
MPASM  5.43                          LAB3.ASM   2-28-2018  12:53:01         PAGE  8


SYMBOL TABLE
  LABEL                             VALUE 

INTE                              00000004
INTEDG                            00000006
INTF                              00000001
INTF_INT                          00000011
IRP                               00000007
MAIN                              00000019
MAIN_LOOP                         0000003D
NOT_A                             00000005
NOT_ADDRESS                       00000005
NOT_BO                            00000000
NOT_BOR                           00000000
NOT_DONE                          00000002
NOT_PD                            00000003
NOT_POR                           00000001
NOT_RBPU                          00000007
NOT_RC8                           00000006
NOT_T1SYNC                        00000002
NOT_TO                            00000004
NOT_TX8                           00000006
NOT_W                             00000002
NOT_WRITE                         00000002
OBF                               00000006
OERR                              00000001
OPTION_REG                        00000081
OUTCOUNT                          00000021
OUTER                             00000005
OUTER_LOOP                        00000071
P                                 00000004
PCFG0                             00000000
PCFG1                             00000001
PCFG2                             00000002
PCFG3                             00000003
PCL                               00000002
PCLATH                            0000000A
PCON                              0000008E
PEIE                              00000006
PEN                               00000002
PIE1                              0000008C
PIE2                              0000008D
PIR1                              0000000C
PIR2                              0000000D
PORTA                             00000005
PORTB                             00000006
PORTC                             00000007
PORTD                             00000008
PORTE                             00000009
PR2                               00000092
PS0                               00000000
PS1                               00000001
PS2                               00000002
PSA                               00000003
PSPIE                             00000007
PSPIF                             00000007
MPASM  5.43                          LAB3.ASM   2-28-2018  12:53:01         PAGE  9


SYMBOL TABLE
  LABEL                             VALUE 

PSPMODE                           00000004
R                                 00000002
RA0                               00000000
RA1                               00000001
RA2                               00000002
RA3                               00000003
RA4                               00000004
RA5                               00000005
RB0                               00000000
RB0COUNT                          00000071
RB1                               00000001
RB1_0                             00000040
RB1_0_RB2_0                       00000042
RB1_0_RB2_1                       0000004D
RB1_1                             00000058
RB1_1_RB2_0                       0000005A
RB1_1_RB2_1                       00000063
RB2                               00000002
RB3                               00000003
RB4                               00000004
RB5                               00000005
RB6                               00000006
RB7                               00000007
RBIE                              00000003
RBIF                              00000000
RC0                               00000000
RC1                               00000001
RC2                               00000002
RC3                               00000003
RC4                               00000004
RC5                               00000005
RC6                               00000006
RC7                               00000007
RC8_9                             00000006
RC9                               00000006
RCD8                              00000000
RCEN                              00000003
RCIE                              00000005
RCIF                              00000005
RCREG                             0000001A
RCSTA                             00000018
RD                                00000000
RD0                               00000000
RD1                               00000001
RD2                               00000002
RD3                               00000003
RD4                               00000004
RD5                               00000005
RD6                               00000006
RD7                               00000007
RE0                               00000000
RE1                               00000001
RE2                               00000002
MPASM  5.43                          LAB3.ASM   2-28-2018  12:53:01         PAGE 10


SYMBOL TABLE
  LABEL                             VALUE 

READ_WRITE                        00000002
RP0                               00000005
RP1                               00000006
RSEN                              00000001
RX9                               00000006
RX9D                              00000000
R_NOT_W                           00000002
R_W                               00000002
S                                 00000003
SEN                               00000000
SMP                               00000007
SPBRG                             00000099
SPEN                              00000007
SREN                              00000005
SSPADD                            00000093
SSPBUF                            00000013
SSPCON                            00000014
SSPCON2                           00000091
SSPEN                             00000005
SSPIE                             00000003
SSPIF                             00000003
SSPM0                             00000000
SSPM1                             00000001
SSPM2                             00000002
SSPM3                             00000003
SSPOV                             00000006
SSPSTAT                           00000094
STATUS                            00000003
STAT_SAVE                         00000073
SYNC                              00000004
T0CS                              00000005
T0IE                              00000005
T0IF                              00000002
T0SE                              00000004
T1CKPS0                           00000004
T1CKPS1                           00000005
T1CON                             00000010
T1INSYNC                          00000002
T1OSCEN                           00000003
T1SYNC                            00000002
T2CKPS0                           00000000
T2CKPS1                           00000001
T2CON                             00000012
TMR0                              00000001
TMR0IE                            00000005
TMR0IF                            00000002
TMR0_INT                          0000000C
TMR1CS                            00000001
TMR1H                             0000000F
TMR1IE                            00000000
TMR1IF                            00000000
TMR1L                             0000000E
TMR1ON                            00000000
MPASM  5.43                          LAB3.ASM   2-28-2018  12:53:01         PAGE 11


SYMBOL TABLE
  LABEL                             VALUE 

TMR2                              00000011
TMR2IE                            00000001
TMR2IF                            00000001
TMR2ON                            00000002
TMRCOUNT                          00000070
TOUTPS0                           00000003
TOUTPS1                           00000004
TOUTPS2                           00000005
TOUTPS3                           00000006
TRISA                             00000085
TRISA0                            00000000
TRISA1                            00000001
TRISA2                            00000002
TRISA3                            00000003
TRISA4                            00000004
TRISA5                            00000005
TRISB                             00000086
TRISB0                            00000000
TRISB1                            00000001
TRISB2                            00000002
TRISB3                            00000003
TRISB4                            00000004
TRISB5                            00000005
TRISB6                            00000006
TRISB7                            00000007
TRISC                             00000087
TRISC0                            00000000
TRISC1                            00000001
TRISC2                            00000002
TRISC3                            00000003
TRISC4                            00000004
TRISC5                            00000005
TRISC6                            00000006
TRISC7                            00000007
TRISD                             00000088
TRISD0                            00000000
TRISD1                            00000001
TRISD2                            00000002
TRISD3                            00000003
TRISD4                            00000004
TRISD5                            00000005
TRISD6                            00000006
TRISD7                            00000007
TRISE                             00000089
TRISE0                            00000000
TRISE1                            00000001
TRISE2                            00000002
TRMT                              00000001
TX8_9                             00000006
TX9                               00000006
TX9D                              00000000
TXD8                              00000000
TXEN                              00000005
MPASM  5.43                          LAB3.ASM   2-28-2018  12:53:01         PAGE 12


SYMBOL TABLE
  LABEL                             VALUE 

TXIE                              00000004
TXIF                              00000004
TXREG                             00000019
TXSTA                             00000098
UA                                00000001
VAR                               00000022
W                                 00000000
WCOL                              00000007
WR                                00000001
WREN                              00000002
WRERR                             00000003
W_SAVE                            00000072
Z                                 00000002
_BODEN_OFF                        00003FBF
_BODEN_ON                         00003FFF
_BOREN_OFF                        00003FBF
_BOREN_ON                         00003FFF
_CONFIG                           00002007
_CPD_OFF                          00003FFF
_CPD_ON                           00003EFF
_CP_ALL                           00001FFF
_CP_OFF                           00003FFF
_CP_ON                            00001FFF
_DEBUG_OFF                        00003FFF
_DEBUG_ON                         000037FF
_DEVID1                           00002006
_FOSC_EXTRC                       00003FFF
_FOSC_HS                          00003FFE
_FOSC_LP                          00003FFC
_FOSC_XT                          00003FFD
_HS_OSC                           00003FFE
_IDLOC0                           00002000
_IDLOC1                           00002001
_IDLOC2                           00002002
_IDLOC3                           00002003
_LP_OSC                           00003FFC
_LVP_OFF                          00003F7F
_LVP_ON                           00003FFF
_PWRTE_OFF                        00003FFF
_PWRTE_ON                         00003FF7
_RC_OSC                           00003FFF
_WDTE_OFF                         00003FFB
_WDTE_ON                          00003FFF
_WDT_OFF                          00003FFB
_WDT_ON                           00003FFF
_WRT_1FOURTH                      00003BFF
_WRT_256                          00003DFF
_WRT_HALF                         000039FF
_WRT_OFF                          00003FFF
_XT_OSC                           00003FFD
__16F877A                         00000001
__DEBUG                           1
MPASM  5.43                          LAB3.ASM   2-28-2018  12:53:01         PAGE 13


MEMORY USAGE MAP ('X' = Used,  '-' = Unused)


0000 : X---XXXXXXXXXXXX XXXXXXXXXXXXXXXX XXXXXXXXXXXXXXXX XXXXXXXXXXXXXXXX
0040 : XXXXXXXXXXXXXXXX XXXXXXXXXXXXXXXX XXXXXXXXXXXXXXXX XXXXXXXXXXXXXXXX
0080 : X--------------- ---------------- ---------------- ----------------
2000 : -------X-------- ---------------- ---------------- ----------------

All other memory blocks unused.

Program Memory Words Used:   126
Program Memory Words Free:  8066


Errors   :     0
Warnings :     3 reported,     0 suppressed
Messages :    12 reported,     0 suppressed

